<?xml version="1.0" encoding="UTF-8"?>
<testng-results ignored="0" total="1" passed="1" failed="0" skipped="0">
  <reporter-output>
  </reporter-output>
  <suite started-at="2025-10-31T22:34:41 IST" name="Default suite" finished-at="2025-10-31T22:34:48 IST" duration-ms="7073">
    <groups>
    </groups>
    <test started-at="2025-10-31T22:34:41 IST" name="Default test" finished-at="2025-10-31T22:34:48 IST" duration-ms="7073">
      <class name="com.kartik.selenium_framework.tests.LoginTest">
        <test-method is-config="true" signature="setup()[pri:0, instance:com.kartik.selenium_framework.tests.LoginTest@4c402120]" started-at="2025-10-31T22:34:41 IST" name="setup" finished-at="2025-10-31T22:34:47 IST" duration-ms="5773" status="PASS">
          <reporter-output>
          </reporter-output>
        </test-method> <!-- setup -->
        <test-method signature="loginTest()[pri:0, instance:com.kartik.selenium_framework.tests.LoginTest@4c402120]" started-at="2025-10-31T22:34:47 IST" name="loginTest" finished-at="2025-10-31T22:34:48 IST" duration-ms="998" status="PASS">
          <reporter-output>
          </reporter-output>
        </test-method> <!-- loginTest -->
        <test-method is-config="true" signature="tearDown()[pri:0, instance:com.kartik.selenium_framework.tests.LoginTest@4c402120]" started-at="2025-10-31T22:34:48 IST" name="tearDown" finished-at="2025-10-31T22:34:48 IST" duration-ms="253" status="PASS">
          <reporter-output>
          </reporter-output>
        </test-method> <!-- tearDown -->
      </class> <!-- com.kartik.selenium_framework.tests.LoginTest -->
    </test> <!-- Default test -->
  </suite> <!-- Default suite -->
</testng-results>
