<?xml version="1.0" encoding="UTF-8"?>
<!-- Generated by org.testng.reporters.JUnitReportReporter -->
<testsuite hostname="LAPTOP-D1FPF71G" failures="0" tests="4" name="com.kartik.selenium_framework.tests.HomePageTest" time="8.201" errors="0" timestamp="2025-11-13T21:29:21 IST" skipped="0">
  <testcase classname="com.kartik.selenium_framework.tests.HomePageTest" name="verifyCartIconVisible" time="2.073"/>
  <testcase classname="com.kartik.selenium_framework.tests.HomePageTest" name="verifyHomePageTitle" time="2.000"/>
  <testcase classname="com.kartik.selenium_framework.tests.HomePageTest" name="verifyAddToCartButtonVisible" time="2.136"/>
  <testcase classname="com.kartik.selenium_framework.tests.HomePageTest" name="verifySortDropdownVisible" time="1.992"/>
</testsuite> <!-- com.kartik.selenium_framework.tests.HomePageTest -->
