<?xml version="1.0" encoding="UTF-8"?>
<!-- Generated by org.testng.reporters.JUnitXMLReporter -->
<testsuite ignored="0" hostname="LAPTOP-D1FPF71G" failures="0" tests="2" name="UI Tests" time="7.156" errors="0" timestamp="2025-11-12T21:09:19 IST">
  <testcase classname="com.kartik.selenium_framework.tests.LoginTest" name="validLoginTest" time="2.024"/>
  <testcase classname="com.kartik.selenium_framework.tests.HomePageTest" name="verifyHomePageTitleTest" time="0.401"/>
</testsuite> <!-- UI Tests -->
