<?xml version="1.0" encoding="UTF-8"?>
<!-- Generated by org.testng.reporters.JUnitXMLReporter -->
<testsuite ignored="0" hostname="LAPTOP-D1FPF71G" failures="0" tests="5" name="UI Tests" time="12.148" errors="0" timestamp="2025-11-13T21:29:21 IST">
  <testcase classname="com.kartik.selenium_framework.tests.LoginTest" name="validLoginTest" time="0.56"/>
  <testcase classname="com.kartik.selenium_framework.tests.HomePageTest" name="verifyAddToCartButtonVisible" time="0.327"/>
  <testcase classname="com.kartik.selenium_framework.tests.HomePageTest" name="verifyCartIconVisible" time="0.399"/>
  <testcase classname="com.kartik.selenium_framework.tests.HomePageTest" name="verifyHomePageTitle" time="0.347"/>
  <testcase classname="com.kartik.selenium_framework.tests.HomePageTest" name="verifySortDropdownVisible" time="0.336"/>
</testsuite> <!-- UI Tests -->
